SF:lib\core\app_string.dart
DA:2,0
LF:1
LH:0
end_of_record
SF:lib\common\network\dio_exception.dart
DA:7,6
DA:8,6
DA:9,6
DA:10,2
DA:12,5
DA:13,5
DA:15,1
DA:16,1
DA:18,1
DA:19,2
DA:20,2
DA:21,2
DA:24,1
DA:25,1
DA:27,1
DA:28,1
DA:30,1
DA:35,1
DA:37,1
DA:39,1
DA:41,1
DA:43,1
DA:45,1
DA:47,1
DA:49,1
DA:56,1
DA:57,1
LF:27
LH:27
end_of_record
SF:lib\core\app_asset.dart
DA:2,0
LF:1
LH:0
end_of_record
SF:lib\core\app_extension.dart
DA:5,1
DA:6,1
DA:10,1
DA:11,5
DA:16,5
DA:17,7
DA:25,1
DA:26,2
DA:27,6
DA:30,5
DA:34,1
DA:35,6
DA:40,1
DA:41,1
DA:44,3
DA:45,3
DA:46,1
DA:52,0
DA:53,0
DA:54,0
LF:20
LH:17
end_of_record
SF:lib\common\repository\repository_helper.dart
DA:7,5
DA:10,5
DA:11,1
DA:12,2
DA:13,1
DA:17,5
DA:21,1
DA:22,2
DA:23,1
LF:9
LH:9
end_of_record
SF:lib\features\user\data\models\user.dart
DA:10,29
DA:18,2
DA:20,2
DA:23,10
DA:24,4
DA:27,0
DA:31,1
DA:38,1
DA:39,1
DA:40,1
DA:41,1
DA:42,1
DA:43,1
LF:13
LH:12
end_of_record
SF:lib\features\user\data\models\user.g.dart
DA:9,2
DA:10,1
DA:11,1
DA:12,1
DA:13,2
DA:14,2
DA:17,2
DA:18,1
DA:19,1
DA:20,1
DA:21,2
DA:22,2
LF:12
LH:12
end_of_record
SF:lib\common\network\api_config.dart
DA:2,0
LF:1
LH:0
end_of_record
SF:lib\features\post\data\models\post.dart
DA:10,29
DA:17,2
DA:20,7
DA:21,4
DA:24,0
DA:27,2
LF:6
LH:5
end_of_record
SF:lib\features\post\data\models\post.g.dart
DA:9,2
DA:10,1
DA:11,1
DA:12,1
DA:13,1
DA:16,2
DA:17,1
DA:18,1
DA:19,1
DA:20,1
LF:10
LH:10
end_of_record
SF:lib\features\todo\data\models\todo.dart
DA:10,7
DA:18,2
DA:20,2
DA:23,7
DA:24,4
DA:27,0
DA:31,1
DA:38,1
DA:39,1
DA:40,1
DA:41,1
DA:42,1
DA:43,0
LF:13
LH:11
end_of_record
SF:lib\features\todo\data\models\todo.g.dart
DA:9,2
DA:10,1
DA:11,1
DA:12,1
DA:13,2
DA:14,2
DA:17,2
DA:18,1
DA:19,1
DA:20,1
DA:21,2
DA:22,2
LF:12
LH:12
end_of_record
SF:lib\features\comment\data\models\comment.dart
DA:10,29
DA:18,2
DA:21,6
DA:22,4
DA:25,0
DA:28,2
LF:6
LH:5
end_of_record
SF:lib\features\comment\data\models\comment.g.dart
DA:9,2
DA:10,1
DA:11,1
DA:12,1
DA:13,1
DA:14,1
DA:17,2
DA:18,1
DA:19,1
DA:20,1
DA:21,1
DA:22,1
LF:12
LH:12
end_of_record
SF:lib\features\todo\domain\entities\todo_entity.dart
DA:5,7
LF:1
LH:1
end_of_record
SF:lib\features\user\domain\entities\user_entity.dart
DA:5,29
LF:1
LH:1
end_of_record
SF:lib\features\comment\domain\entities\comment_entity.dart
DA:5,29
LF:1
LH:1
end_of_record
SF:lib\features\post\domain\entities\post_entity.dart
DA:5,29
LF:1
LH:1
end_of_record
SF:lib\common\network\dio_client.dart
DA:12,0
DA:14,0
DA:15,0
DA:16,0
DA:17,0
DA:18,0
DA:19,0
DA:22,0
DA:28,0
DA:35,0
DA:41,0
DA:49,0
DA:55,0
DA:63,0
DA:69,0
LF:15
LH:0
end_of_record
SF:lib\features\comment\data\datasources\comment_remote_data_source.dart
DA:17,1
DA:19,1
DA:21,1
DA:22,2
DA:26,1
DA:28,1
DA:29,4
DA:33,1
DA:35,2
DA:37,1
DA:38,2
LF:11
LH:11
end_of_record
SF:lib\common\network\api_base.dart
DA:8,4
DA:10,8
DA:18,4
DA:19,4
DA:23,3
DA:24,3
DA:28,4
DA:29,4
DA:33,4
DA:37,4
DA:39,12
DA:40,12
DA:42,8
LF:13
LH:13
end_of_record
SF:lib\common\network\dio_interceptor.dart
DA:13,0
DA:15,0
DA:16,0
DA:17,0
DA:18,0
DA:19,0
DA:22,0
DA:24,0
DA:25,0
DA:26,0
DA:27,0
DA:30,0
DA:32,0
DA:33,0
DA:34,0
LF:15
LH:0
end_of_record
SF:lib\features\comment\data\repositories\comment_repository_impl.dart
DA:10,1
DA:12,1
DA:14,3
DA:17,1
DA:19,3
DA:22,1
DA:24,3
LF:7
LH:7
end_of_record
SF:lib\features\comment\domain\usecases\create_comment_usecase.dart
DA:11,1
DA:13,1
DA:15,3
DA:23,2
LF:4
LH:4
end_of_record
SF:lib\features\comment\domain\usecases\delete_comment_usecase.dart
DA:11,1
DA:13,1
DA:15,3
DA:23,2
LF:4
LH:4
end_of_record
SF:lib\features\comment\domain\usecases\get_comments_usecase.dart
DA:11,1
DA:13,1
DA:15,3
DA:23,2
LF:4
LH:4
end_of_record
SF:lib\common\controller\base_controller.dart
DA:10,4
DA:11,4
DA:12,4
DA:13,8
DA:14,8
DA:16,4
DA:17,8
DA:22,4
DA:23,8
DA:25,4
DA:28,4
DA:29,4
DA:32,3
DA:33,3
DA:36,4
DA:37,4
LF:16
LH:16
end_of_record
SF:lib\features\comment\presentation\controller\comment_controller.dart
DA:18,1
DA:24,1
DA:25,1
DA:26,2
DA:27,1
DA:32,1
DA:33,1
DA:34,2
DA:35,1
DA:40,1
DA:41,2
DA:42,4
DA:43,2
DA:44,1
DA:45,2
DA:47,1
DA:48,1
DA:49,0
DA:51,2
LF:19
LH:18
end_of_record
SF:lib\features\post\data\datasources\post_remote_data_source.dart
DA:20,1
DA:22,1
DA:24,1
DA:25,2
DA:29,1
DA:31,1
DA:32,4
DA:36,1
DA:38,1
DA:39,4
DA:43,1
DA:45,3
DA:47,1
DA:48,2
LF:14
LH:14
end_of_record
SF:lib\features\post\data\repositories\post_repository_impl.dart
DA:11,1
DA:13,1
DA:15,3
DA:18,1
DA:20,3
DA:23,1
DA:25,3
DA:28,1
DA:30,3
LF:9
LH:9
end_of_record
SF:lib\features\post\domain\usecases\create_post_usecase.dart
DA:11,1
DA:13,1
DA:15,3
DA:23,2
LF:4
LH:4
end_of_record
SF:lib\features\post\domain\usecases\delete_post_usecase.dart
DA:11,1
DA:13,1
DA:15,3
DA:23,2
LF:4
LH:4
end_of_record
SF:lib\features\post\domain\usecases\get_posts_usecase.dart
DA:12,1
DA:14,1
DA:16,3
DA:24,2
LF:4
LH:4
end_of_record
SF:lib\features\post\domain\usecases\update_post_usecase.dart
DA:11,1
DA:13,1
DA:15,3
DA:23,2
LF:4
LH:4
end_of_record
SF:lib\features\post\presentation\controller\post_controller.dart
DA:23,1
DA:30,1
DA:31,4
DA:34,1
DA:35,4
DA:38,1
DA:39,4
DA:42,1
DA:43,2
DA:44,4
DA:45,2
DA:46,1
DA:47,2
DA:49,1
DA:50,3
DA:51,1
DA:52,0
DA:54,2
LF:18
LH:17
end_of_record
SF:lib\features\todo\data\datasources\todo_remote_data_source.dart
DA:20,1
DA:22,1
DA:24,1
DA:25,2
DA:29,1
DA:31,1
DA:32,4
DA:36,1
DA:38,1
DA:39,4
DA:43,1
DA:45,2
DA:47,1
DA:48,3
DA:51,1
DA:52,2
LF:16
LH:16
end_of_record
SF:lib\features\todo\data\repositories\todo_repository_impl.dart
DA:11,1
DA:13,1
DA:15,3
DA:18,1
DA:20,3
DA:23,1
DA:25,3
DA:28,1
DA:30,3
LF:9
LH:9
end_of_record
SF:lib\features\todo\domain\usecases\create_todo_usecase.dart
DA:11,1
DA:13,1
DA:15,3
DA:23,2
LF:4
LH:4
end_of_record
SF:lib\features\todo\domain\usecases\delete_todo_usecase.dart
DA:11,1
DA:13,1
DA:15,3
DA:23,2
LF:4
LH:4
end_of_record
SF:lib\features\todo\domain\usecases\get_todos_usecase.dart
DA:12,1
DA:14,1
DA:16,4
DA:25,2
LF:4
LH:4
end_of_record
SF:lib\features\todo\domain\usecases\update_todo_usecase.dart
DA:11,1
DA:13,1
DA:15,3
DA:23,2
LF:4
LH:4
end_of_record
SF:lib\features\todo\presentation\controller\todo_controller.dart
DA:21,1
DA:28,1
DA:29,4
DA:32,1
DA:33,4
DA:36,1
DA:37,4
DA:40,1
DA:41,2
DA:43,3
DA:44,1
DA:45,1
DA:46,2
DA:48,1
DA:49,3
DA:50,2
DA:51,2
DA:52,0
DA:54,2
LF:19
LH:18
end_of_record
SF:lib\features\user\data\datasources\user_remote_data_source.dart
DA:20,1
DA:22,1
DA:24,1
DA:25,2
DA:32,1
DA:34,1
DA:35,2
DA:36,2
DA:42,1
DA:44,1
DA:45,2
DA:46,2
DA:51,1
DA:53,1
DA:55,1
DA:56,3
DA:59,1
DA:60,3
DA:63,1
DA:64,2
LF:20
LH:20
end_of_record
SF:lib\features\user\data\repositories\user_repository_impl.dart
DA:11,1
DA:13,1
DA:15,3
DA:18,1
DA:20,3
DA:23,1
DA:25,3
DA:28,1
DA:30,3
LF:9
LH:9
end_of_record
SF:lib\features\user\domain\usecases\create_user_usecase.dart
DA:11,1
DA:13,1
DA:15,3
DA:23,2
LF:4
LH:4
end_of_record
SF:lib\features\user\domain\usecases\delete_user_usecase.dart
DA:11,1
DA:13,1
DA:15,3
DA:23,2
LF:4
LH:4
end_of_record
SF:lib\features\user\domain\usecases\get_users_usecase.dart
DA:12,1
DA:14,1
DA:16,2
DA:17,2
DA:26,2
LF:5
LH:5
end_of_record
SF:lib\features\user\domain\usecases\update_user_usecase.dart
DA:11,1
DA:13,1
DA:15,3
DA:23,2
LF:4
LH:4
end_of_record
SF:lib\features\user\presentation\controller\user_controller.dart
DA:21,1
DA:28,1
DA:29,4
DA:32,1
DA:33,4
DA:36,1
DA:37,4
DA:40,1
DA:44,2
DA:45,3
DA:46,1
DA:49,2
DA:50,1
DA:51,2
DA:53,1
DA:54,1
DA:55,0
DA:57,2
LF:18
LH:17
end_of_record
